<?xml version="1.0" encoding="UTF-8" ?>
<testsuite tests="3" failures="0" name="designpatterns.abstractfactory.VehicleTest" time="0.062" errors="0" skipped="0">
  <properties>
[...]
</properties>
  <testcase classname="designpatterns.abstractfactory.VehicleTest" name="testMotorcycle" time="0.002"/>
  <testcase classname="designpatterns.abstractfactory.VehicleTest" name="testBicycle" time="0"/>
  <testcase classname="designpatterns.abstractfactory.VehicleTest" name="testCar" time="0.001"/>
</testsuite>